<?xml version="1.0" encoding="UTF-8"?>
<testng-results ignored="0" total="1" passed="1" failed="0" skipped="0">
  <reporter-output>
  </reporter-output>
  <suite started-at="2022-02-07T19:52:42 IST" name="Default suite" finished-at="2022-02-07T19:52:42 IST" duration-ms="90">
    <groups>
    </groups>
    <test started-at="2022-02-07T19:52:42 IST" name="Default test" finished-at="2022-02-07T19:52:42 IST" duration-ms="90">
      <class name="testNG_Check.ExecutionClass">
        <test-method is-config="true" signature="beforeClass()[pri:0, instance:testNG_Check.ExecutionClass@5ccddd20]" started-at="2022-02-07T19:52:42 IST" name="beforeClass" finished-at="2022-02-07T19:52:42 IST" duration-ms="10" status="PASS">
          <reporter-output>
          </reporter-output>
        </test-method> <!-- beforeClass -->
        <test-method is-config="true" signature="beforeMethod()[pri:0, instance:testNG_Check.ExecutionClass@5ccddd20]" started-at="2022-02-07T19:52:42 IST" name="beforeMethod" finished-at="2022-02-07T19:52:42 IST" duration-ms="1" status="PASS">
          <reporter-output>
          </reporter-output>
        </test-method> <!-- beforeMethod -->
        <test-method signature="test1()[pri:0, instance:testNG_Check.ExecutionClass@5ccddd20]" started-at="2022-02-07T19:52:42 IST" name="test1" finished-at="2022-02-07T19:52:42 IST" duration-ms="11" status="PASS">
          <reporter-output>
          </reporter-output>
        </test-method> <!-- test1 -->
      </class> <!-- testNG_Check.ExecutionClass -->
    </test> <!-- Default test -->
  </suite> <!-- Default suite -->
</testng-results>
